<?xml version="1.0" encoding="UTF-8"?>
<testng-results ignored="0" total="2" passed="2" failed="0" skipped="0">
  <reporter-output>
  </reporter-output>
  <suite started-at="2024-09-03T15:17:00 IST" name="Default Suite" finished-at="2024-09-03T15:17:00 IST" duration-ms="49">
    <groups>
    </groups>
    <test started-at="2024-09-03T15:17:00 IST" name="SeleniumBeginner" finished-at="2024-09-03T15:17:00 IST" duration-ms="49">
      <class name="com.TestNG.TestNGPart11">
        <test-method is-config="true" signature="beforeSuite()[pri:0, instance:com.TestNG.TestNGPart11@6293abcc]" started-at="2024-09-03T15:17:00 IST" name="beforeSuite" finished-at="2024-09-03T15:17:00 IST" duration-ms="15" status="PASS">
          <reporter-output>
          </reporter-output>
        </test-method> <!-- beforeSuite -->
        <test-method is-config="true" signature="beforeTest()[pri:0, instance:com.TestNG.TestNGPart11@6293abcc]" started-at="2024-09-03T15:17:00 IST" name="beforeTest" finished-at="2024-09-03T15:17:00 IST" duration-ms="1" status="PASS">
          <reporter-output>
          </reporter-output>
        </test-method> <!-- beforeTest -->
        <test-method is-config="true" signature="beforeClass()[pri:0, instance:com.TestNG.TestNGPart11@6293abcc]" started-at="2024-09-03T15:17:00 IST" name="beforeClass" finished-at="2024-09-03T15:17:00 IST" duration-ms="1" status="PASS">
          <reporter-output>
          </reporter-output>
        </test-method> <!-- beforeClass -->
        <test-method is-config="true" signature="beforeMethod()[pri:0, instance:com.TestNG.TestNGPart11@6293abcc]" started-at="2024-09-03T15:17:00 IST" name="beforeMethod" finished-at="2024-09-03T15:17:00 IST" duration-ms="1" status="PASS">
          <reporter-output>
          </reporter-output>
        </test-method> <!-- beforeMethod -->
        <test-method signature="test()[pri:0, instance:com.TestNG.TestNGPart11@6293abcc]" started-at="2024-09-03T15:17:00 IST" name="test" finished-at="2024-09-03T15:17:00 IST" duration-ms="2" status="PASS">
          <reporter-output>
          </reporter-output>
        </test-method> <!-- test -->
        <test-method is-config="true" signature="afterMethod()[pri:0, instance:com.TestNG.TestNGPart11@6293abcc]" started-at="2024-09-03T15:17:00 IST" name="afterMethod" finished-at="2024-09-03T15:17:00 IST" duration-ms="0" status="PASS">
          <reporter-output>
          </reporter-output>
        </test-method> <!-- afterMethod -->
        <test-method signature="test2()[pri:0, instance:com.TestNG.TestNGPart11@6293abcc]" started-at="2024-09-03T15:17:00 IST" name="test2" finished-at="2024-09-03T15:17:00 IST" duration-ms="1" status="PASS">
          <reporter-output>
          </reporter-output>
        </test-method> <!-- test2 -->
        <test-method is-config="true" signature="beforeMethod()[pri:0, instance:com.TestNG.TestNGPart11@6293abcc]" started-at="2024-09-03T15:17:00 IST" name="beforeMethod" finished-at="2024-09-03T15:17:00 IST" duration-ms="0" status="PASS">
          <reporter-output>
          </reporter-output>
        </test-method> <!-- beforeMethod -->
        <test-method is-config="true" signature="afterMethod()[pri:0, instance:com.TestNG.TestNGPart11@6293abcc]" started-at="2024-09-03T15:17:00 IST" name="afterMethod" finished-at="2024-09-03T15:17:00 IST" duration-ms="0" status="PASS">
          <reporter-output>
          </reporter-output>
        </test-method> <!-- afterMethod -->
        <test-method is-config="true" signature="afterClass()[pri:0, instance:com.TestNG.TestNGPart11@6293abcc]" started-at="2024-09-03T15:17:00 IST" name="afterClass" finished-at="2024-09-03T15:17:00 IST" duration-ms="1" status="PASS">
          <reporter-output>
          </reporter-output>
        </test-method> <!-- afterClass -->
        <test-method is-config="true" signature="afterTest()[pri:0, instance:com.TestNG.TestNGPart11@6293abcc]" started-at="2024-09-03T15:17:00 IST" name="afterTest" finished-at="2024-09-03T15:17:00 IST" duration-ms="2" status="PASS">
          <reporter-output>
          </reporter-output>
        </test-method> <!-- afterTest -->
        <test-method is-config="true" signature="afterSuite()[pri:0, instance:com.TestNG.TestNGPart11@6293abcc]" started-at="2024-09-03T15:17:01 IST" name="afterSuite" finished-at="2024-09-03T15:17:01 IST" duration-ms="1" status="PASS">
          <reporter-output>
          </reporter-output>
        </test-method> <!-- afterSuite -->
      </class> <!-- com.TestNG.TestNGPart11 -->
    </test> <!-- SeleniumBeginner -->
  </suite> <!-- Default Suite -->
</testng-results>
